<?xml version="1.0" encoding="utf-8"?><testsuites name="pytest tests"><testsuite name="pytest" errors="0" failures="8" skipped="0" tests="23" time="9.666" timestamp="2026-07-09T05:26:00.306759+00:00" hostname="agent-env-a77789bc-a043-41d3-a316-8591896b1f4d"><testcase classname="backend.tests.test_conceptforge.TestAuth" name="test_root" time="0.129" /><testcase classname="backend.tests.test_conceptforge.TestAuth" name="test_admin_login" time="0.321" /><testcase classname="backend.tests.test_conceptforge.TestAuth" name="test_me_authenticated" time="0.452" /><testcase classname="backend.tests.test_conceptforge.TestAuth" name="test_me_unauthenticated" time="0.094" /><testcase classname="backend.tests.test_conceptforge.TestAuth" name="test_login_wrong_password" time="0.321" /><testcase classname="backend.tests.test_conceptforge.TestAuth" name="test_register_duplicate" time="0.116" /><testcase classname="backend.tests.test_conceptforge.TestAuth" name="test_logout_clears_cookie" time="0.452" /><testcase classname="backend.tests.test_conceptforge.TestConcepts" name="test_generate_concept" time="5.377"><failure message="Failed: generation failed: Failed to generate chat completion: litellm.AuthenticationError: AuthenticationError: OpenAIException - Invalid API key">backend/tests/test_conceptforge.py:127: in test_generate_concept
    pytest.fail(f"generation failed: {data.get('error')}")
E   Failed: generation failed: Failed to generate chat completion: litellm.AuthenticationError: AuthenticationError: OpenAIException - Invalid API key</failure></testcase><testcase classname="backend.tests.test_conceptforge.TestConcepts" name="test_list_concepts" time="0.117"><failure message="AssertionError: assert ('milestone_count' in {'created_at': '2026-07-09T05:26:02.379473+00:00', 'error': 'Failed to generate chat completion: litellm.AuthenticationError: AuthenticationError: OpenAIException - Invalid API key', 'id': 'e3f16810-5123-4f52-bc96-aba71c8fa238', 'level': 'beginner', ...} and True and 0 &gt;= 1)&#10; +  where True = isinstance(0, int)">backend/tests/test_conceptforge.py:183: in test_list_concepts
    assert "milestone_count" in item and isinstance(item["milestone_count"], int) and item["milestone_count"] &gt;= 1
E   AssertionError: assert ('milestone_count' in {'created_at': '2026-07-09T05:26:02.379473+00:00', 'error': 'Failed to generate chat completion: litellm.AuthenticationError: AuthenticationError: OpenAIException - Invalid API key', 'id': 'e3f16810-5123-4f52-bc96-aba71c8fa238', 'level': 'beginner', ...} and True and 0 &gt;= 1)
E    +  where True = isinstance(0, int)</failure></testcase><testcase classname="backend.tests.test_conceptforge.TestConcepts" name="test_progress_toggle_on" time="0.130"><failure message="AssertionError: {&quot;detail&quot;:&quot;Milestone index out of range&quot;}&#10;assert 400 == 200&#10; +  where 400 = &lt;Response [400]&gt;.status_code">backend/tests/test_conceptforge.py:194: in test_progress_toggle_on
    assert r.status_code == 200, r.text
E   AssertionError: {"detail":"Milestone index out of range"}
E   assert 400 == 200
E    +  where 400 = &lt;Response [400]&gt;.status_code</failure></testcase><testcase classname="backend.tests.test_conceptforge.TestConcepts" name="test_progress_idempotent" time="0.241"><failure message="KeyError: 'progress'">backend/tests/test_conceptforge.py:206: in test_progress_idempotent
    assert r1.json()["progress"] == r2.json()["progress"]
           ^^^^^^^^^^^^^^^^^^^^^
E   KeyError: 'progress'</failure></testcase><testcase classname="backend.tests.test_conceptforge.TestConcepts" name="test_progress_toggle_off" time="0.102"><failure message="assert 400 == 200&#10; +  where 400 = &lt;Response [400]&gt;.status_code">backend/tests/test_conceptforge.py:212: in test_progress_toggle_off
    assert r.status_code == 200
E   assert 400 == 200
E    +  where 400 = &lt;Response [400]&gt;.status_code</failure></testcase><testcase classname="backend.tests.test_conceptforge.TestConcepts" name="test_progress_persists_on_get" time="0.209"><failure message="AssertionError: assert ('progress' in {'created_at': '2026-07-09T05:26:02.379473+00:00', 'error': 'Failed to generate chat completion: litellm.AuthenticationError: AuthenticationError: OpenAIException - Invalid API key', 'id': 'e3f16810-5123-4f52-bc96-aba71c8fa238', 'image': None, ...} and 1 in [])">backend/tests/test_conceptforge.py:223: in test_progress_persists_on_get
    assert "progress" in body and 1 in body["progress"]
E   AssertionError: assert ('progress' in {'created_at': '2026-07-09T05:26:02.379473+00:00', 'error': 'Failed to generate chat completion: litellm.AuthenticationError: AuthenticationError: OpenAIException - Invalid API key', 'id': 'e3f16810-5123-4f52-bc96-aba71c8fa238', 'image': None, ...} and 1 in [])</failure></testcase><testcase classname="backend.tests.test_conceptforge.TestConcepts" name="test_progress_out_of_range" time="0.097" /><testcase classname="backend.tests.test_conceptforge.TestConcepts" name="test_progress_cross_user_404" time="0.414" /><testcase classname="backend.tests.test_conceptforge.TestConcepts" name="test_get_concept" time="0.107" /><testcase classname="backend.tests.test_conceptforge.TestConcepts" name="test_access_control_get" time="0.101" /><testcase classname="backend.tests.test_conceptforge.TestConcepts" name="test_access_control_delete" time="0.096" /><testcase classname="backend.tests.test_conceptforge.TestChat" name="test_chat_empty_history" time="0.106" /><testcase classname="backend.tests.test_conceptforge.TestChat" name="test_post_chat" time="0.100"><failure message="AssertionError: chat failed 500 Internal Server Error&#10;assert 500 == 200&#10; +  where 500 = &lt;Response [500]&gt;.status_code">backend/tests/test_conceptforge.py:274: in test_post_chat
    assert r.status_code == 200, f"chat failed {r.status_code} {r.text[:400]}"
E   AssertionError: chat failed 500 Internal Server Error
E   assert 500 == 200
E    +  where 500 = &lt;Response [500]&gt;.status_code</failure></testcase><testcase classname="backend.tests.test_conceptforge.TestChat" name="test_chat_history_persists" time="0.097"><failure message="AssertionError: assert 1 &gt;= 2&#10; +  where 1 = len([{'concept_id': 'e3f16810-5123-4f52-bc96-aba71c8fa238', 'content': 'In one sentence, what is a Python list?', 'created_at': '2026-07-09T05:26:09.540475+00:00', 'id': 'b136d3ae-ee72-4b9a-b611-01c7ea8af07a', ...}])">backend/tests/test_conceptforge.py:286: in test_chat_history_persists
    assert len(msgs) &gt;= 2
E   AssertionError: assert 1 &gt;= 2
E    +  where 1 = len([{'concept_id': 'e3f16810-5123-4f52-bc96-aba71c8fa238', 'content': 'In one sentence, what is a Python list?', 'created_at': '2026-07-09T05:26:09.540475+00:00', 'id': 'b136d3ae-ee72-4b9a-b611-01c7ea8af07a', ...}])</failure></testcase><testcase classname="backend.tests.test_conceptforge.TestChat" name="test_chat_access_control" time="0.098" /><testcase classname="backend.tests.test_conceptforge.TestDelete" name="test_delete_concept" time="0.204" /></testsuite></testsuites>