<?xml version="1.0" encoding="utf-8"?><testsuites name="pytest tests"><testsuite name="pytest" errors="0" failures="0" skipped="0" tests="17" time="57.750" timestamp="2026-06-06T15:08:54.389915+00:00" hostname="agent-env-a77789bc-a043-41d3-a316-8591896b1f4d"><testcase classname="backend.tests.test_conceptforge.TestAuth" name="test_root" time="0.212" /><testcase classname="backend.tests.test_conceptforge.TestAuth" name="test_admin_login" time="0.376" /><testcase classname="backend.tests.test_conceptforge.TestAuth" name="test_me_authenticated" time="0.466" /><testcase classname="backend.tests.test_conceptforge.TestAuth" name="test_me_unauthenticated" time="0.124" /><testcase classname="backend.tests.test_conceptforge.TestAuth" name="test_login_wrong_password" time="0.329" /><testcase classname="backend.tests.test_conceptforge.TestAuth" name="test_register_duplicate" time="0.138" /><testcase classname="backend.tests.test_conceptforge.TestAuth" name="test_logout_clears_cookie" time="0.457" /><testcase classname="backend.tests.test_conceptforge.TestConcepts" name="test_generate_concept" time="52.223" /><testcase classname="backend.tests.test_conceptforge.TestConcepts" name="test_list_concepts" time="0.265" /><testcase classname="backend.tests.test_conceptforge.TestConcepts" name="test_get_concept" time="0.243" /><testcase classname="backend.tests.test_conceptforge.TestConcepts" name="test_access_control_get" time="0.465" /><testcase classname="backend.tests.test_conceptforge.TestConcepts" name="test_access_control_delete" time="0.152" /><testcase classname="backend.tests.test_conceptforge.TestChat" name="test_chat_empty_history" time="0.094" /><testcase classname="backend.tests.test_conceptforge.TestChat" name="test_post_chat" time="1.589" /><testcase classname="backend.tests.test_conceptforge.TestChat" name="test_chat_history_persists" time="0.129" /><testcase classname="backend.tests.test_conceptforge.TestChat" name="test_chat_access_control" time="0.100" /><testcase classname="backend.tests.test_conceptforge.TestDelete" name="test_delete_concept" time="0.224" /></testsuite></testsuites>