<?xml version="1.0" encoding="utf-8"?><testsuites name="pytest tests"><testsuite name="pytest" errors="0" failures="0" skipped="0" tests="23" time="58.403" timestamp="2026-06-06T15:23:48.689582+00:00" hostname="agent-env-a77789bc-a043-41d3-a316-8591896b1f4d"><testcase classname="backend.tests.test_conceptforge.TestAuth" name="test_root" time="0.118" /><testcase classname="backend.tests.test_conceptforge.TestAuth" name="test_admin_login" time="0.323" /><testcase classname="backend.tests.test_conceptforge.TestAuth" name="test_me_authenticated" time="0.436" /><testcase classname="backend.tests.test_conceptforge.TestAuth" name="test_me_unauthenticated" time="0.144" /><testcase classname="backend.tests.test_conceptforge.TestAuth" name="test_login_wrong_password" time="0.382" /><testcase classname="backend.tests.test_conceptforge.TestAuth" name="test_register_duplicate" time="0.105" /><testcase classname="backend.tests.test_conceptforge.TestAuth" name="test_logout_clears_cookie" time="0.458" /><testcase classname="backend.tests.test_conceptforge.TestConcepts" name="test_generate_concept" time="51.887" /><testcase classname="backend.tests.test_conceptforge.TestConcepts" name="test_list_concepts" time="0.232" /><testcase classname="backend.tests.test_conceptforge.TestConcepts" name="test_progress_toggle_on" time="0.168" /><testcase classname="backend.tests.test_conceptforge.TestConcepts" name="test_progress_idempotent" time="0.216" /><testcase classname="backend.tests.test_conceptforge.TestConcepts" name="test_progress_toggle_off" time="0.118" /><testcase classname="backend.tests.test_conceptforge.TestConcepts" name="test_progress_persists_on_get" time="0.297" /><testcase classname="backend.tests.test_conceptforge.TestConcepts" name="test_progress_out_of_range" time="0.106" /><testcase classname="backend.tests.test_conceptforge.TestConcepts" name="test_progress_cross_user_404" time="0.456" /><testcase classname="backend.tests.test_conceptforge.TestConcepts" name="test_get_concept" time="0.161" /><testcase classname="backend.tests.test_conceptforge.TestConcepts" name="test_access_control_get" time="0.101" /><testcase classname="backend.tests.test_conceptforge.TestConcepts" name="test_access_control_delete" time="0.116" /><testcase classname="backend.tests.test_conceptforge.TestChat" name="test_chat_empty_history" time="0.104" /><testcase classname="backend.tests.test_conceptforge.TestChat" name="test_post_chat" time="1.959" /><testcase classname="backend.tests.test_conceptforge.TestChat" name="test_chat_history_persists" time="0.099" /><testcase classname="backend.tests.test_conceptforge.TestChat" name="test_chat_access_control" time="0.115" /><testcase classname="backend.tests.test_conceptforge.TestDelete" name="test_delete_concept" time="0.235" /></testsuite></testsuites>