<?xml version="1.0" encoding="utf-8"?><testsuites name="pytest tests"><testsuite name="pytest" errors="0" failures="0" skipped="0" tests="6" time="1.819" timestamp="2026-07-09T05:42:02.981306+00:00" hostname="agent-env-a77789bc-a043-41d3-a316-8591896b1f4d"><testcase classname="backend.tests.test_cookie_only_auth.TestJwtCookieOnly" name="test_login_sets_access_token_cookie" time="0.387" /><testcase classname="backend.tests.test_cookie_only_auth.TestJwtCookieOnly" name="test_me_with_only_cookie_no_bearer" time="0.380" /><testcase classname="backend.tests.test_cookie_only_auth.TestJwtCookieOnly" name="test_me_without_any_credentials_returns_401" time="0.104" /><testcase classname="backend.tests.test_cookie_only_auth.TestGoogleCookieOnly" name="test_me_with_only_session_token_cookie" time="0.172" /><testcase classname="backend.tests.test_cookie_only_auth.TestGoogleCookieOnly" name="test_bogus_session_token_cookie_returns_401" time="0.100" /><testcase classname="backend.tests.test_cookie_only_auth.TestLogoutRegression" name="test_logout_clears_cookie_and_blocks_me" time="0.493" /></testsuite></testsuites>