<?xml version="1.0" encoding="utf-8"?><testsuites name="pytest tests"><testsuite name="pytest" errors="0" failures="0" skipped="0" tests="10" time="14.388" timestamp="2026-07-09T05:25:40.496903+00:00" hostname="agent-env-a77789bc-a043-41d3-a316-8591896b1f4d"><testcase classname="backend.tests.test_google_auth.TestIndexes" name="test_user_sessions_indexes_exist" time="0.485" /><testcase classname="backend.tests.test_google_auth.TestExchangeSession" name="test_missing_session_id_returns_400" time="0.248" /><testcase classname="backend.tests.test_google_auth.TestExchangeSession" name="test_invalid_session_id_returns_401" time="0.879" /><testcase classname="backend.tests.test_google_auth.TestSessionTokenAcceptance" name="test_me_with_bearer_session_token" time="1.911" /><testcase classname="backend.tests.test_google_auth.TestSessionTokenAcceptance" name="test_me_with_cookie_session_token" time="1.681" /><testcase classname="backend.tests.test_google_auth.TestExpiredSession" name="test_expired_session_token_returns_401" time="2.084" /><testcase classname="backend.tests.test_google_auth.TestLogout" name="test_logout_deletes_session_and_clears_cookie" time="2.213" /><testcase classname="backend.tests.test_google_auth.TestUserUpsertReuse" name="test_existing_jwt_user_id_is_reused_when_google_session_created" time="1.530" /><testcase classname="backend.tests.test_google_auth.TestJwtCoexistence" name="test_jwt_login_still_returns_token_and_me" time="0.821" /><testcase classname="backend.tests.test_google_auth.TestJwtCoexistence" name="test_jwt_and_session_bearer_both_supported" time="2.468" /></testsuite></testsuites>