<?xml version="1.0" encoding="utf-8"?><testsuites name="pytest tests"><testsuite name="pytest" errors="0" failures="0" skipped="0" tests="7" time="5.229" timestamp="2026-06-06T16:06:17.012019+00:00" hostname="agent-env-a77789bc-a043-41d3-a316-8591896b1f4d"><testcase classname="backend.tests.test_export.TestExportMarkdown" name="test_md_status_and_headers" time="0.758" /><testcase classname="backend.tests.test_export.TestExportMarkdown" name="test_md_body_structure" time="0.107" /><testcase classname="backend.tests.test_export.TestExportPdf" name="test_pdf_status_and_bytes" time="1.190" /><testcase classname="backend.tests.test_export.TestExportErrors" name="test_invalid_format_400" time="0.113" /><testcase classname="backend.tests.test_export.TestExportErrors" name="test_cross_user_404" time="0.436" /><testcase classname="backend.tests.test_export.TestExportErrors" name="test_unauthenticated_401" time="0.103" /><testcase classname="backend.tests.test_export.TestExportErrors" name="test_generating_status_409" time="2.443" /></testsuite></testsuites>